2024-09-08 16:54:13: ✅ Cleaned 'Orphaned Post Meta'
2024-09-08 20:21:46: ✅ DB size: 29.99MB (yesterday: 29.88 MB).
2024-09-09 07:18:43: ✅ Cleaned 'Expired Transients'
2024-09-09 09:20:16: ✅ DB size: 29.96MB (yesterday: 29.99 MB).
2024-09-09 20:37:32: ✅ DB size: 29.96MB (yesterday: 29.99 MB).
2024-09-11 07:17:11: ✅ DB size: 30.06MB (yesterday: 29.96 MB).
2024-09-11 08:21:13: ✅ DB size: 30.25MB (yesterday: 29.96 MB).
2024-09-12 09:53:49: ✅ DB size: 25.79MB (yesterday: 30.25 MB).
2024-09-16 15:21:19: ✅ DB size: 25.81MB (yesterday: 25.79 MB).
2024-09-17 06:41:53: ✅ DB size: 25.82MB (yesterday: 25.81 MB).
2024-09-17 11:12:02: ✅ DB size: 25.92MB (yesterday: 25.81 MB).
2024-09-18 21:28:39: ✅ DB size: 25.82MB (yesterday: 25.92 MB).
2024-09-24 06:52:58: ✅ DB size: 25.92MB (yesterday: 25.82 MB).
2024-09-24 11:13:08: ✅ DB size: 25.92MB (yesterday: 25.82 MB).
2024-09-25 07:01:28: ✅ DB size: 25.82MB (yesterday: 25.92 MB).
2024-09-25 08:22:45: ✅ DB size: 25.96MB (yesterday: 25.92 MB).
2024-09-26 10:53:45: ✅ DB size: 26.86MB (yesterday: 25.96 MB).
2024-09-27 06:06:19: ✅ DB size: 26.86MB (yesterday: 26.86 MB).
2024-09-28 19:29:30: ✅ DB size: 27.03MB (yesterday: 26.86 MB).
2024-09-28 20:32:20: ✅ DB size: 24.45MB (yesterday: 26.86 MB).
2024-09-28 20:47:40: ✅ Cleaned 'Revisions'
2024-09-28 20:47:41: ✅ Cleaned 'Deleted Posts'
2024-09-28 20:47:41: ✅ Cleaned 'Orphaned Post Meta'
2024-09-28 20:47:41: ✅ Cleaned 'Expired Transients'
2024-09-29 11:14:20: ✅ DB size: 32.13MB (yesterday: 24.45 MB).
2024-10-01 05:14:23: ✅ DB size: 33.03MB (yesterday: 32.13 MB).
2024-10-01 19:15:46: ✅ DB size: 33.13MB (yesterday: 32.13 MB).
2024-10-01 20:59:58: ✅ DB size: 33.04MB (yesterday: 32.13 MB).
2024-10-02 08:21:14: ✅ DB size: 33.56MB (yesterday: 33.04 MB).
2024-10-02 12:43:14: ✅ Cleaned 'Revisions'
2024-10-02 12:43:14: ✅ Cleaned 'Auto Drafts'
2024-10-02 12:43:15: ✅ Cleaned 'Orphaned Post Meta'
2024-10-02 12:43:15: ✅ Cleaned 'Orphaned Post Meta'
2024-10-02 12:43:16: ✅ Cleaned 'Orphaned Post Meta'
2024-10-02 12:43:16: ✅ Cleaned 'Orphaned Post Meta'
2024-10-02 12:43:16: ✅ Cleaned 'Orphaned Post Meta'
2024-10-02 12:43:17: ✅ Cleaned 'Orphaned Post Meta'
2024-10-02 12:43:17: ✅ Cleaned 'Expired Transients'
2024-10-02 12:43:17: ✅ Cleaned 'Expired Transients'
2024-10-02 17:58:03: ✅ Cleaned 'Expired Transients'
2024-10-02 20:21:10: ✅ DB size: 35.84MB (yesterday: 33.04 MB).
2024-10-03 13:13:59: ✅ DB size: 35.8MB (yesterday: 35.84 MB).
2024-10-04 08:10:28: ✅ DB size: 37.7MB (yesterday: 35.8 MB).
2024-10-05 16:51:24: ✅ DB size: 37.81MB (yesterday: 37.7 MB).
2024-10-06 06:10:30: ✅ DB size: 37.71MB (yesterday: 37.81 MB).
2024-10-06 08:21:07: ✅ DB size: 37.81MB (yesterday: 37.81 MB).
2024-10-06 16:37:32: ✅ Cleaned 'Revisions'
2024-10-06 16:37:32: ✅ Cleaned 'Orphaned Post Meta'
2024-10-06 20:22:05: ✅ DB size: 33.58MB (yesterday: 37.81 MB).
2024-10-07 15:50:28: ✅ DB size: 33.58MB (yesterday: 33.58 MB).
2024-10-07 15:51:09: ✅ Cleaned 'Revisions'
2024-10-07 15:51:10: ✅ Cleaned 'Expired Transients'
2024-10-08 12:07:09: ✅ DB size: 33.6MB (yesterday: 33.58 MB).
2024-10-09 06:08:27: ✅ DB size: 33.6MB (yesterday: 33.6 MB).
2024-10-09 15:01:47: ✅ DB size: 33.67MB (yesterday: 33.6 MB).
2024-10-09 15:36:00: ✅ Cleaned 'Revisions'
2024-10-09 15:36:00: ✅ Cleaned 'Auto Drafts'
2024-10-09 15:36:01: ✅ Cleaned 'Deleted Posts'
2024-10-09 15:36:01: ✅ Cleaned 'Expired Transients'
2024-10-09 16:12:38: ✅ Cleaned 'Orphaned Post Meta'
2024-10-09 16:12:38: ✅ Cleaned 'Orphaned Post Meta'
2024-10-09 16:12:38: ✅ Cleaned 'Expired Transients'
2024-10-09 20:21:10: ✅ DB size: 34.02MB (yesterday: 33.6 MB).
2024-10-10 14:49:31: ✅ DB size: 34.02MB (yesterday: 34.02 MB).
2024-10-11 06:34:58: ✅ DB size: 34.01MB (yesterday: 34.02 MB).
2024-10-16 08:28:11: ✅ DB size: 34.12MB (yesterday: 34.01 MB).
2024-10-17 11:57:58: ✅ DB size: 34.07MB (yesterday: 34.12 MB).
2024-10-18 09:17:18: ✅ DB size: 34.07MB (yesterday: 34.07 MB).
2024-10-21 06:48:03: ✅ DB size: 34.07MB (yesterday: 34.07 MB).
2024-10-25 08:43:49: ✅ DB size: 34.16MB (yesterday: 34.07 MB).
2024-10-28 15:38:10: ✅ DB size: 34.1MB (yesterday: 34.16 MB).
2024-10-29 13:02:21: ✅ DB size: 34.1MB (yesterday: 34.1 MB).
2024-10-29 22:34:14: ✅ DB size: 34.08MB (yesterday: 34.1 MB).
2024-10-30 16:16:49: ✅ DB size: 34.18MB (yesterday: 34.08 MB).
2024-10-30 20:36:10: ✅ DB size: 34.08MB (yesterday: 34.08 MB).
2024-10-31 16:16:53: ✅ DB size: 34.18MB (yesterday: 34.08 MB).
2024-10-31 20:33:47: ✅ DB size: 34.08MB (yesterday: 34.08 MB).
2024-11-01 10:51:26: ✅ DB size: 34.18MB (yesterday: 34.08 MB).
2024-11-03 03:48:50: ✅ DB size: 34.08MB (yesterday: 34.18 MB).
2024-11-04 14:35:51: ✅ DB size: 35.19MB (yesterday: 34.08 MB).
2024-11-05 09:42:54: ✅ DB size: 35.09MB (yesterday: 35.19 MB).
2024-11-05 20:21:39: ✅ DB size: 35.09MB (yesterday: 35.19 MB).
2024-11-06 10:52:11: ✅ DB size: 35.19MB (yesterday: 35.09 MB).
2024-11-07 04:15:47: ✅ DB size: 35.18MB (yesterday: 35.19 MB).
2024-11-07 09:38:29: ✅ DB size: 35.19MB (yesterday: 35.19 MB).
2024-11-08 11:41:17: ✅ DB size: 35.29MB (yesterday: 35.19 MB).
2024-11-09 00:09:29: ✅ DB size: 35.19MB (yesterday: 35.29 MB).
2024-11-09 09:33:50: ✅ DB size: 35.26MB (yesterday: 35.29 MB).
2024-11-10 08:57:05: ✅ DB size: 35.12MB (yesterday: 35.26 MB).
2024-11-11 00:25:42: ✅ DB size: 35.17MB (yesterday: 35.12 MB).
2024-11-12 15:25:36: ✅ DB size: 35.17MB (yesterday: 35.17 MB).
2024-11-13 04:39:11: ✅ DB size: 35.07MB (yesterday: 35.17 MB).
2024-11-13 11:25:49: ✅ DB size: 35.17MB (yesterday: 35.17 MB).
2024-11-17 13:35:25: ✅ DB size: 35.12MB (yesterday: 35.17 MB).
2024-11-17 20:21:14: ✅ DB size: 35.22MB (yesterday: 35.17 MB).
2024-11-19 16:28:58: ✅ DB size: 35.24MB (yesterday: 35.22 MB).
2024-11-20 18:59:18: ✅ DB size: 35.14MB (yesterday: 35.24 MB).
2024-11-21 20:23:31: ✅ DB size: 35.14MB (yesterday: 35.14 MB).
2024-11-23 08:14:44: ✅ DB size: 35.24MB (yesterday: 35.14 MB).
2024-11-23 09:45:52: ✅ DB size: 35.24MB (yesterday: 35.14 MB).
2024-11-27 03:55:44: ✅ DB size: 35.22MB (yesterday: 35.24 MB).
2024-11-29 04:21:05: ✅ DB size: 35.32MB (yesterday: 35.22 MB).
2024-11-30 17:58:27: ✅ DB size: 35.31MB (yesterday: 35.32 MB).
2024-12-01 19:39:52: ✅ DB size: 35.31MB (yesterday: 35.31 MB).
2024-12-03 14:00:58: ✅ DB size: 35.31MB (yesterday: 35.31 MB).
2024-12-11 09:52:01: ✅ DB size: 35.19MB (yesterday: 35.31 MB).
2024-12-13 09:38:46: ✅ DB size: 35.19MB (yesterday: 35.19 MB).
2024-12-18 12:32:31: ✅ DB size: 35.19MB (yesterday: 35.19 MB).
2024-12-22 15:54:30: ✅ DB size: 34.62MB (yesterday: 35.19 MB).
2024-12-29 06:42:21: ✅ DB size: 34.54MB (yesterday: 34.62 MB).
2024-12-29 19:59:21: ✅ DB size: 34.64MB (yesterday: 34.62 MB).
2024-12-30 18:03:06: ✅ DB size: 34.63MB (yesterday: 34.64 MB).
2024-12-30 20:51:43: ✅ DB size: 34.63MB (yesterday: 34.64 MB).
2024-12-31 11:16:57: ✅ DB size: 34.63MB (yesterday: 34.63 MB).
2025-01-10 13:09:01: ✅ DB size: 34.63MB (yesterday: 34.63 MB).
2025-01-22 00:51:15: ✅ DB size: 34.56MB (yesterday: 34.63 MB).
2025-01-24 15:51:46: ✅ DB size: 34.66MB (yesterday: 34.56 MB).
2025-01-24 20:26:46: ✅ DB size: 34.56MB (yesterday: 34.56 MB).
2025-01-25 10:52:45: ✅ DB size: 34.74MB (yesterday: 34.56 MB).
2025-01-26 01:53:19: ✅ DB size: 34.59MB (yesterday: 34.74 MB).
2025-01-26 08:21:56: ✅ DB size: 34.67MB (yesterday: 34.74 MB).
2025-01-27 05:14:58: ✅ DB size: 34.62MB (yesterday: 34.67 MB).
2025-01-27 09:56:07: ✅ DB size: 34.72MB (yesterday: 34.67 MB).
2025-01-28 04:58:14: ✅ DB size: 34.62MB (yesterday: 34.72 MB).
2025-01-28 09:42:49: ✅ DB size: 34.72MB (yesterday: 34.72 MB).
2025-01-29 13:15:04: ✅ DB size: 34.59MB (yesterday: 34.72 MB).
2025-01-29 20:37:06: ✅ DB size: 34.49MB (yesterday: 34.72 MB).
2025-01-30 10:07:03: ✅ DB size: 34.59MB (yesterday: 34.49 MB).
2025-01-30 22:11:50: ✅ DB size: 34.5MB (yesterday: 34.49 MB).
2025-02-01 07:24:13: ✅ DB size: 34.61MB (yesterday: 34.5 MB).
2025-02-01 08:21:08: ✅ DB size: 34.61MB (yesterday: 34.5 MB).
2025-02-05 00:17:03: ✅ DB size: 34.66MB (yesterday: 34.61 MB).
2025-02-05 08:21:14: ✅ DB size: 34.72MB (yesterday: 34.61 MB).
2025-02-06 03:01:27: ✅ DB size: 34.65MB (yesterday: 34.72 MB).
2025-02-07 10:41:29: ✅ DB size: 34.78MB (yesterday: 34.65 MB).
2025-02-10 15:23:09: ✅ DB size: 34.68MB (yesterday: 34.78 MB).
2025-02-11 07:56:41: ✅ DB size: 34.7MB (yesterday: 34.68 MB).
2025-02-12 00:58:52: ✅ DB size: 34.8MB (yesterday: 34.7 MB).
2025-02-12 09:37:30: ✅ DB size: 34.79MB (yesterday: 34.7 MB).
2025-02-12 20:54:46: ✅ DB size: 34.71MB (yesterday: 34.7 MB).
2025-02-15 07:39:57: ✅ DB size: 34.82MB (yesterday: 34.71 MB).
2025-02-18 22:19:31: ✅ DB size: 34.82MB (yesterday: 34.82 MB).
2025-02-19 23:36:58: ✅ DB size: 34.82MB (yesterday: 34.82 MB).
2025-02-26 11:25:02: ✅ DB size: 34.82MB (yesterday: 34.82 MB).
2025-02-27 23:19:30: ✅ DB size: 34.72MB (yesterday: 34.82 MB).
2025-02-28 14:30:08: ✅ DB size: 34.82MB (yesterday: 34.82 MB).
2025-03-01 18:27:12: ✅ DB size: 34.72MB (yesterday: 34.82 MB).
2025-03-01 23:16:27: ✅ DB size: 34.72MB (yesterday: 34.72 MB).
2025-03-02 11:39:45: ✅ DB size: 34.82MB (yesterday: 34.72 MB).
2025-03-02 22:00:23: ✅ DB size: 34.69MB (yesterday: 34.72 MB).
2025-03-03 15:17:31: ✅ DB size: 34.79MB (yesterday: 34.69 MB).
2025-03-04 14:02:19: ✅ DB size: 34.71MB (yesterday: 34.79 MB).
2025-03-07 02:57:48: ✅ DB size: 34.71MB (yesterday: 34.71 MB).
2025-03-09 20:18:40: ✅ DB size: 34.81MB (yesterday: 34.71 MB).
2025-03-11 13:20:15: ✅ DB size: 34.79MB (yesterday: 34.81 MB).
2025-03-12 16:05:22: ✅ DB size: 34.72MB (yesterday: 34.79 MB).
2025-03-13 03:51:37: ✅ DB size: 34.72MB (yesterday: 34.72 MB).
2025-03-15 17:45:19: ✅ DB size: 34.83MB (yesterday: 34.72 MB).
2025-03-16 00:56:10: ✅ DB size: 34.74MB (yesterday: 34.83 MB).
2025-03-16 08:22:02: ✅ DB size: 34.84MB (yesterday: 34.83 MB).
2025-03-18 17:59:47: ✅ DB size: 34.7MB (yesterday: 34.84 MB).
2025-03-19 18:30:15: ✅ DB size: 34.72MB (yesterday: 34.7 MB).
2025-03-20 03:51:08: ✅ DB size: 34.72MB (yesterday: 34.72 MB).
2025-03-23 18:50:23: ✅ DB size: 34.82MB (yesterday: 34.72 MB).
2025-03-26 08:24:44: ✅ DB size: 34.71MB (yesterday: 34.82 MB).
2025-03-30 06:04:33: ✅ DB size: 34.55MB (yesterday: 34.71 MB).
2025-03-30 16:49:42: ✅ DB size: 34.65MB (yesterday: 34.71 MB).
2025-04-02 00:23:18: ✅ DB size: 34.56MB (yesterday: 34.65 MB).
2025-04-02 08:31:19: ✅ DB size: 34.66MB (yesterday: 34.65 MB).
2025-04-03 02:24:20: ✅ DB size: 34.56MB (yesterday: 34.66 MB).
2025-04-03 08:33:09: ✅ DB size: 34.66MB (yesterday: 34.66 MB).
2025-04-03 21:54:23: ✅ DB size: 34.56MB (yesterday: 34.66 MB).
2025-04-04 14:09:41: ✅ DB size: 34.7MB (yesterday: 34.56 MB).
2025-04-05 06:07:54: ✅ DB size: 34.68MB (yesterday: 34.7 MB).
2025-04-06 04:27:47: ✅ DB size: 34.78MB (yesterday: 34.68 MB).
2025-04-06 17:32:47: ✅ DB size: 34.76MB (yesterday: 34.68 MB).
2025-04-06 21:57:37: ✅ DB size: 34.6MB (yesterday: 34.68 MB).
2025-04-07 12:33:10: ✅ DB size: 34.7MB (yesterday: 34.6 MB).
2025-04-07 21:00:38: ✅ DB size: 34.7MB (yesterday: 34.6 MB).
2025-04-08 15:04:07: ✅ DB size: 34.69MB (yesterday: 34.7 MB).
2025-04-08 21:28:49: ✅ DB size: 34.69MB (yesterday: 34.7 MB).
2025-04-09 08:28:11: ✅ DB size: 34.69MB (yesterday: 34.69 MB).
2025-04-11 11:42:40: ✅ DB size: 34.59MB (yesterday: 34.69 MB).
2025-04-13 02:59:00: ✅ DB size: 34.64MB (yesterday: 34.59 MB).
2025-04-13 22:50:05: ✅ DB size: 34.74MB (yesterday: 34.64 MB).
2025-04-14 15:01:38: ✅ DB size: 34.68MB (yesterday: 34.64 MB).
2025-04-15 04:10:47: ✅ DB size: 34.58MB (yesterday: 34.68 MB).
2025-04-15 15:45:58: ✅ DB size: 34.69MB (yesterday: 34.68 MB).
2025-04-15 20:23:33: ✅ DB size: 34.59MB (yesterday: 34.68 MB).
2025-04-16 08:48:00: ✅ DB size: 34.75MB (yesterday: 34.59 MB).
2025-04-17 00:10:22: ✅ DB size: 34.65MB (yesterday: 34.75 MB).
2025-04-17 09:28:30: ✅ DB size: 34.75MB (yesterday: 34.75 MB).
2025-04-17 20:21:13: ✅ DB size: 34.94MB (yesterday: 34.75 MB).
2025-04-18 11:14:25: ✅ DB size: 34.87MB (yesterday: 34.94 MB).
2025-04-19 04:34:30: ✅ DB size: 34.79MB (yesterday: 34.87 MB).
2025-04-19 10:48:03: ✅ DB size: 34.89MB (yesterday: 34.87 MB).
2025-04-20 10:43:26: ✅ DB size: 34.79MB (yesterday: 34.89 MB).
2025-04-21 15:37:30: ✅ DB size: 34.65MB (yesterday: 34.79 MB).
2025-04-22 00:03:22: ✅ DB size: 34.81MB (yesterday: 34.65 MB).
2025-04-22 10:53:16: ✅ DB size: 34.91MB (yesterday: 34.65 MB).
2025-04-26 04:49:49: ✅ DB size: 34.79MB (yesterday: 34.91 MB).
2025-04-27 05:47:22: ✅ DB size: 34.88MB (yesterday: 34.79 MB).
2025-04-28 10:41:24: ✅ DB size: 34.89MB (yesterday: 34.88 MB).
2025-04-30 17:27:43: ✅ DB size: 34.79MB (yesterday: 34.89 MB).
2025-05-01 16:49:07: ✅ DB size: 34.79MB (yesterday: 34.79 MB).
2025-05-01 22:10:39: ✅ DB size: 34.79MB (yesterday: 34.79 MB).
2025-05-02 09:17:33: ✅ DB size: 34.89MB (yesterday: 34.79 MB).
2025-05-03 02:09:41: ✅ DB size: 34.79MB (yesterday: 34.89 MB).
2025-05-03 08:48:03: ✅ DB size: 34.89MB (yesterday: 34.89 MB).
2025-05-03 20:52:03: ✅ DB size: 34.89MB (yesterday: 34.89 MB).
2025-05-04 08:30:48: ✅ DB size: 34.9MB (yesterday: 34.89 MB).
2025-05-04 20:25:18: ✅ DB size: 34.9MB (yesterday: 34.89 MB).
2025-05-05 12:35:30: ✅ DB size: 34.9MB (yesterday: 34.9 MB).
2025-05-06 13:40:46: ✅ DB size: 34.8MB (yesterday: 34.9 MB).
2025-05-07 04:24:52: ✅ DB size: 34.8MB (yesterday: 34.8 MB).
2025-05-07 10:26:40: ✅ DB size: 34.9MB (yesterday: 34.8 MB).
2025-05-08 17:28:35: ✅ DB size: 34.8MB (yesterday: 34.9 MB).
2025-05-10 23:46:00: ✅ DB size: 34.8MB (yesterday: 34.8 MB).
2025-05-12 00:31:36: ✅ DB size: 34.9MB (yesterday: 34.8 MB).
2025-05-12 14:02:31: ✅ DB size: 34.9MB (yesterday: 34.8 MB).
2025-05-14 06:52:46: ✅ DB size: 34.8MB (yesterday: 34.9 MB).
2025-05-16 11:31:59: ✅ DB size: 34.89MB (yesterday: 34.8 MB).
2025-05-21 07:49:10: ✅ DB size: 34.8MB (yesterday: 34.89 MB).
2025-05-21 12:27:49: ✅ DB size: 34.9MB (yesterday: 34.89 MB).
2025-05-21 20:21:07: ✅ DB size: 34.95MB (yesterday: 34.89 MB).
2025-05-22 08:27:50: ✅ DB size: 34.98MB (yesterday: 34.95 MB).
2025-05-23 01:28:17: ✅ DB size: 34.88MB (yesterday: 34.98 MB).
2025-05-23 15:49:06: ✅ DB size: 34.98MB (yesterday: 34.98 MB).
2025-05-24 16:03:03: ✅ DB size: 34.88MB (yesterday: 34.98 MB).
2025-05-25 07:36:31: ✅ DB size: 34.77MB (yesterday: 34.88 MB).
2025-05-26 15:00:35: ✅ DB size: 34.89MB (yesterday: 34.77 MB).
2025-05-27 08:37:13: ✅ DB size: 34.79MB (yesterday: 34.89 MB).
2025-05-27 23:47:05: ✅ DB size: 34.87MB (yesterday: 34.79 MB).
2025-05-28 08:26:34: ✅ DB size: 34.87MB (yesterday: 34.79 MB).
2025-05-28 23:30:23: ✅ DB size: 34.77MB (yesterday: 34.87 MB).
2025-05-29 08:57:50: ✅ DB size: 34.87MB (yesterday: 34.87 MB).
2025-05-29 20:32:56: ✅ DB size: 34.77MB (yesterday: 34.87 MB).
2025-05-30 09:32:45: ✅ DB size: 34.87MB (yesterday: 34.77 MB).
2025-05-30 23:57:49: ✅ DB size: 34.77MB (yesterday: 34.87 MB).
2025-06-01 10:03:49: ✅ DB size: 34.87MB (yesterday: 34.77 MB).
2025-06-01 22:34:23: ✅ DB size: 34.79MB (yesterday: 34.87 MB).
2025-06-02 09:14:16: ✅ DB size: 34.85MB (yesterday: 34.87 MB).
2025-06-03 02:20:13: ✅ DB size: 34.75MB (yesterday: 34.85 MB).
2025-06-03 08:29:04: ✅ DB size: 34.85MB (yesterday: 34.85 MB).
2025-06-03 20:45:22: ✅ DB size: 34.85MB (yesterday: 34.85 MB).
2025-06-04 08:32:55: ✅ DB size: 34.85MB (yesterday: 34.85 MB).
2025-06-04 20:35:52: ✅ DB size: 34.83MB (yesterday: 34.85 MB).
2025-06-05 13:06:51: ✅ DB size: 34.82MB (yesterday: 34.83 MB).
2025-06-06 20:40:57: ✅ DB size: 34.75MB (yesterday: 34.82 MB).
2025-06-07 11:14:09: ✅ DB size: 34.85MB (yesterday: 34.75 MB).
2025-06-07 23:05:24: ✅ DB size: 34.75MB (yesterday: 34.85 MB).
2025-06-08 18:44:36: ✅ DB size: 34.85MB (yesterday: 34.85 MB).
2025-06-08 22:46:01: ✅ DB size: 34.75MB (yesterday: 34.85 MB).
2025-06-09 15:02:22: ✅ DB size: 34.85MB (yesterday: 34.85 MB).
2025-06-14 19:23:58: ✅ DB size: 34.76MB (yesterday: 34.85 MB).
2025-06-16 12:21:24: ✅ DB size: 34.76MB (yesterday: 34.76 MB).
2025-06-18 03:44:42: ✅ DB size: 34.74MB (yesterday: 34.76 MB).
2025-06-18 12:53:23: ✅ DB size: 34.84MB (yesterday: 34.76 MB).
2025-06-19 20:19:57: ✅ DB size: 34.74MB (yesterday: 34.84 MB).
2025-06-20 10:27:01: ✅ DB size: 34.84MB (yesterday: 34.74 MB).
2025-06-22 23:23:12: ✅ DB size: 34.84MB (yesterday: 34.84 MB).
2025-06-25 07:19:50: ✅ DB size: 34.86MB (yesterday: 34.84 MB).
2025-06-25 13:14:18: ✅ DB size: 34.88MB (yesterday: 34.84 MB).
2025-06-27 16:54:47: ✅ DB size: 34.66MB (yesterday: 34.88 MB).
2025-06-30 17:33:31: ✅ DB size: 34.6MB (yesterday: 34.66 MB).
2025-06-30 21:50:16: ✅ DB size: 34.7MB (yesterday: 34.66 MB).
2025-07-01 23:21:41: ✅ DB size: 34.7MB (yesterday: 34.7 MB).
2025-07-02 09:46:26: ✅ DB size: 34.7MB (yesterday: 34.7 MB).
2025-07-02 20:43:32: ✅ DB size: 34.6MB (yesterday: 34.7 MB).
2025-07-03 08:28:33: ✅ DB size: 34.8MB (yesterday: 34.6 MB).
2025-07-03 20:36:58: ✅ DB size: 34.88MB (yesterday: 34.6 MB).
2025-07-04 08:22:00: ✅ DB size: 34.88MB (yesterday: 34.88 MB).
2025-07-04 20:29:07: ✅ DB size: 34.88MB (yesterday: 34.88 MB).
2025-07-05 08:25:57: ✅ DB size: 34.86MB (yesterday: 34.88 MB).
2025-07-07 07:38:00: ✅ DB size: 34.88MB (yesterday: 34.86 MB).
2025-07-07 15:09:38: ✅ DB size: 34.74MB (yesterday: 34.86 MB).
2025-07-07 21:00:00: ✅ DB size: 34.62MB (yesterday: 34.86 MB).
2025-09-21 16:56:05: ✅ DB size: 28.45MB (yesterday: 34.62 MB).
2025-09-21 20:25:02: ✅ DB size: 29.09MB (yesterday: 34.62 MB).
2025-09-22 08:25:02: ✅ DB size: 29.11MB (yesterday: 29.09 MB).
2025-09-22 20:25:02: ✅ DB size: 29.24MB (yesterday: 29.09 MB).
2025-09-23 08:21:33: ✅ DB size: 29.36MB (yesterday: 29.24 MB).
2025-09-23 20:25:01: ✅ DB size: 29.37MB (yesterday: 29.24 MB).
2025-09-24 08:25:01: ✅ DB size: 29.27MB (yesterday: 29.37 MB).
2025-09-24 20:25:02: ✅ DB size: 31.62MB (yesterday: 29.37 MB).
2025-09-25 08:22:08: ✅ DB size: 31.64MB (yesterday: 31.62 MB).
2025-09-25 20:25:01: ✅ DB size: 31.68MB (yesterday: 31.62 MB).
2025-09-26 08:25:01: ✅ DB size: 31.68MB (yesterday: 31.68 MB).
2025-09-26 20:25:01: ✅ DB size: 31.75MB (yesterday: 31.68 MB).
2025-09-27 08:25:04: ✅ DB size: 31.78MB (yesterday: 31.75 MB).
2025-09-27 20:25:02: ✅ DB size: 31.78MB (yesterday: 31.75 MB).
2025-09-28 08:25:02: ✅ DB size: 31.83MB (yesterday: 31.78 MB).
2025-09-29 05:10:31: ✅ DB size: 31.76MB (yesterday: 31.83 MB).
2025-09-29 08:25:01: ✅ DB size: 31.86MB (yesterday: 31.83 MB).
2025-09-29 20:25:04: ✅ DB size: 31.89MB (yesterday: 31.83 MB).
2025-09-30 08:25:01: ✅ DB size: 31.9MB (yesterday: 31.89 MB).
2025-09-30 20:25:02: ✅ DB size: 31.93MB (yesterday: 31.89 MB).
2025-10-01 08:25:01: ✅ DB size: 32.03MB (yesterday: 31.93 MB).
2025-10-01 20:25:02: ✅ DB size: 32.01MB (yesterday: 31.93 MB).
2025-10-02 08:25:01: ✅ DB size: 32.03MB (yesterday: 32.01 MB).
2025-10-02 20:25:01: ✅ DB size: 32.04MB (yesterday: 32.01 MB).
2025-10-03 08:25:02: ✅ DB size: 32.1MB (yesterday: 32.04 MB).
2025-10-03 20:25:02: ✅ DB size: 33.25MB (yesterday: 32.04 MB).
2025-10-11 09:20:03: ✅ DB size: 33.33MB (yesterday: 33.25 MB).
2025-10-11 20:25:02: ✅ DB size: 33.33MB (yesterday: 33.25 MB).
2025-10-12 08:25:03: ✅ DB size: 33.33MB (yesterday: 33.33 MB).
2025-10-12 20:23:33: ✅ DB size: 33.39MB (yesterday: 33.33 MB).
2025-10-13 08:25:04: ✅ DB size: 33.4MB (yesterday: 33.39 MB).
2025-10-13 20:25:03: ✅ DB size: 33.52MB (yesterday: 33.39 MB).
2025-10-14 08:25:06: ✅ DB size: 33.55MB (yesterday: 33.52 MB).
2025-10-14 20:25:04: ✅ DB size: 33.58MB (yesterday: 33.52 MB).
2025-10-15 08:25:03: ✅ DB size: 33.58MB (yesterday: 33.58 MB).
2025-10-15 20:25:01: ✅ DB size: 33.62MB (yesterday: 33.58 MB).
2025-10-16 08:25:02: ✅ DB size: 33.62MB (yesterday: 33.62 MB).
2025-10-16 20:25:01: ✅ DB size: 33.67MB (yesterday: 33.62 MB).
2025-10-17 08:25:01: ✅ DB size: 33.81MB (yesterday: 33.67 MB).
2025-10-17 20:25:01: ✅ DB size: 33.87MB (yesterday: 33.67 MB).
2025-10-18 09:24:37: ✅ DB size: 33.94MB (yesterday: 33.87 MB).
2025-10-18 20:25:01: ✅ DB size: 36.13MB (yesterday: 33.87 MB).
2025-10-19 08:25:01: ✅ DB size: 36.2MB (yesterday: 36.13 MB).
2025-10-19 20:25:01: ✅ DB size: 36.19MB (yesterday: 36.13 MB).
2025-10-20 08:25:01: ✅ DB size: 35.21MB (yesterday: 36.19 MB).
2025-10-20 20:25:01: ✅ DB size: 35.21MB (yesterday: 36.19 MB).
2025-10-21 08:25:01: ✅ DB size: 35.18MB (yesterday: 35.21 MB).
2025-10-21 20:25:01: ✅ DB size: 36.26MB (yesterday: 35.21 MB).
2025-10-22 08:25:01: ✅ DB size: 36.26MB (yesterday: 36.26 MB).
2025-10-22 20:25:01: ✅ DB size: 36.28MB (yesterday: 36.26 MB).
2025-10-23 08:25:01: ✅ DB size: 36.29MB (yesterday: 36.28 MB).
2025-10-23 20:25:01: ✅ DB size: 36.38MB (yesterday: 36.28 MB).
2025-10-24 08:25:01: ✅ DB size: 36.4MB (yesterday: 36.38 MB).
2025-10-24 20:25:01: ✅ DB size: 36.4MB (yesterday: 36.38 MB).
2025-10-25 08:25:01: ✅ DB size: 36.4MB (yesterday: 36.4 MB).
2025-10-25 20:25:01: ✅ DB size: 36.4MB (yesterday: 36.4 MB).
2025-10-26 08:25:01: ✅ DB size: 36.4MB (yesterday: 36.4 MB).
2025-10-26 20:25:01: ✅ DB size: 36.48MB (yesterday: 36.4 MB).
2025-10-27 08:30:02: ✅ DB size: 36.48MB (yesterday: 36.48 MB).
2025-10-27 20:25:01: ✅ DB size: 36.44MB (yesterday: 36.48 MB).
2025-10-28 08:25:02: ✅ DB size: 36.41MB (yesterday: 36.44 MB).
2025-10-28 20:25:01: ✅ DB size: 36.41MB (yesterday: 36.44 MB).
2025-10-29 08:25:01: ✅ DB size: 36.41MB (yesterday: 36.41 MB).
2025-10-29 20:25:02: ✅ DB size: 36.41MB (yesterday: 36.41 MB).
2025-10-30 08:25:01: ✅ DB size: 36.43MB (yesterday: 36.41 MB).
2025-10-30 20:25:04: ✅ DB size: 36.43MB (yesterday: 36.41 MB).
2025-10-31 08:25:01: ✅ DB size: 36.43MB (yesterday: 36.43 MB).
2025-10-31 20:25:01: ✅ DB size: 36.46MB (yesterday: 36.43 MB).
2025-11-01 08:25:01: ✅ DB size: 36.43MB (yesterday: 36.46 MB).
2025-11-02 20:15:14: ✅ DB size: 36.33MB (yesterday: 36.43 MB).
2025-11-02 20:25:02: ✅ DB size: 36.43MB (yesterday: 36.43 MB).
2025-11-03 08:25:01: ✅ DB size: 36.43MB (yesterday: 36.43 MB).
2025-11-03 20:25:05: ✅ DB size: 36.4MB (yesterday: 36.43 MB).
2025-11-04 08:21:12: ✅ DB size: 36.52MB (yesterday: 36.4 MB).
2025-11-04 20:25:01: ✅ DB size: 37.11MB (yesterday: 36.4 MB).
2025-11-05 08:21:06: ✅ DB size: 37.2MB (yesterday: 37.11 MB).
2025-11-05 20:25:01: ✅ DB size: 37.34MB (yesterday: 37.11 MB).
2025-11-06 08:25:01: ✅ DB size: 37.37MB (yesterday: 37.34 MB).
2025-11-06 20:25:01: ✅ DB size: 37.39MB (yesterday: 37.34 MB).
2025-11-07 08:25:02: ✅ DB size: 37.49MB (yesterday: 37.39 MB).
2025-11-07 20:25:01: ✅ DB size: 37.37MB (yesterday: 37.39 MB).
2025-11-08 08:25:02: ✅ DB size: 37.4MB (yesterday: 37.37 MB).
2025-11-08 20:25:01: ✅ DB size: 37.4MB (yesterday: 37.37 MB).
2025-11-09 08:25:01: ✅ DB size: 37.43MB (yesterday: 37.4 MB).
2025-11-09 20:25:01: ✅ DB size: 37.43MB (yesterday: 37.4 MB).
2025-11-10 08:25:01: ✅ DB size: 37.45MB (yesterday: 37.43 MB).
2025-11-10 20:25:01: ✅ DB size: 37.57MB (yesterday: 37.43 MB).
2025-11-11 08:25:01: ✅ DB size: 37.57MB (yesterday: 37.57 MB).
2025-11-11 20:25:02: ✅ DB size: 38.5MB (yesterday: 37.57 MB).
2025-11-12 08:21:30: ✅ DB size: 38.77MB (yesterday: 38.5 MB).
2025-11-12 20:25:01: ✅ DB size: 38.97MB (yesterday: 38.5 MB).
2025-11-13 08:25:01: ✅ DB size: 38.98MB (yesterday: 38.97 MB).
2025-11-13 20:25:02: ✅ DB size: 38.97MB (yesterday: 38.97 MB).
2025-11-14 08:25:01: ✅ DB size: 38.95MB (yesterday: 38.97 MB).
2025-11-14 20:25:01: ✅ DB size: 38.95MB (yesterday: 38.97 MB).
2025-11-15 08:25:01: ✅ DB size: 38.93MB (yesterday: 38.95 MB).
2025-11-15 20:25:04: ✅ DB size: 38.93MB (yesterday: 38.95 MB).
2025-11-16 08:25:01: ✅ DB size: 38.95MB (yesterday: 38.93 MB).
2025-11-16 20:25:01: ✅ DB size: 38.89MB (yesterday: 38.93 MB).
2025-11-17 08:25:02: ✅ DB size: 38.89MB (yesterday: 38.89 MB).
2025-11-17 20:25:02: ✅ DB size: 38.87MB (yesterday: 38.89 MB).
2025-11-18 08:25:01: ✅ DB size: 38.87MB (yesterday: 38.87 MB).
2025-11-18 20:25:01: ✅ DB size: 38.88MB (yesterday: 38.87 MB).
2025-11-19 08:25:01: ✅ DB size: 38.82MB (yesterday: 38.88 MB).
2025-11-19 20:25:01: ✅ DB size: 38.76MB (yesterday: 38.88 MB).
2025-11-20 08:21:17: ✅ DB size: 38.68MB (yesterday: 38.76 MB).
2025-11-20 20:25:01: ✅ DB size: 42.9MB (yesterday: 38.76 MB).
2025-11-21 08:25:02: ✅ DB size: 42.93MB (yesterday: 42.9 MB).
2025-11-21 20:25:02: ✅ DB size: 42.93MB (yesterday: 42.9 MB).
2025-11-22 08:25:01: ✅ DB size: 42.9MB (yesterday: 42.93 MB).
2025-11-22 20:25:01: ✅ DB size: 42.9MB (yesterday: 42.93 MB).
2025-11-23 08:25:02: ✅ DB size: 42.88MB (yesterday: 42.9 MB).
2025-11-23 20:25:02: ✅ DB size: 42.82MB (yesterday: 42.9 MB).
2025-11-24 08:25:02: ✅ DB size: 42.82MB (yesterday: 42.82 MB).
2025-11-24 20:25:01: ✅ DB size: 42.82MB (yesterday: 42.82 MB).
2025-11-25 08:21:21: ✅ DB size: 42.83MB (yesterday: 42.82 MB).
2025-11-25 20:25:01: ✅ DB size: 42.81MB (yesterday: 42.82 MB).
2025-11-26 08:21:07: ✅ DB size: 42.84MB (yesterday: 42.81 MB).
2025-11-26 20:21:15: ✅ DB size: 42.86MB (yesterday: 42.81 MB).
2025-11-27 08:21:17: ✅ DB size: 42.87MB (yesterday: 42.86 MB).
2025-11-28 01:56:58: ✅ DB size: 42MB (yesterday: 42.87 MB).
2025-11-28 09:35:53: ✅ DB size: 42.1MB (yesterday: 42.87 MB).
2025-11-28 22:38:29: ✅ DB size: 42.97MB (yesterday: 42.87 MB).
2025-11-29 09:43:31: ✅ DB size: 42.97MB (yesterday: 42.97 MB).
2025-11-30 09:07:05: ✅ DB size: 42.89MB (yesterday: 42.97 MB).
2025-11-30 09:14:54: ✅ Cleaned 'Revisions'
2025-11-30 09:14:55: ✅ Cleaned 'Deleted Posts'
2025-11-30 09:14:55: ✅ Cleaned 'Orphaned Post Meta'
2025-11-30 09:14:56: ✅ Cleaned 'oEmbed Caches'
2025-11-30 09:15:09: ✅ Cleaned 'Orphaned Post Meta'
2025-11-30 09:15:10: ✅ Cleaned 'Orphaned Post Meta'
2025-11-30 09:15:10: ✅ Cleaned 'Orphaned Post Meta'
2025-11-30 09:15:11: ✅ Cleaned 'Orphaned Post Meta'
2025-11-30 09:15:11: ✅ Cleaned 'Orphaned Post Meta'
2025-11-30 09:15:12: ✅ Cleaned 'Orphaned Post Meta'
2025-11-30 09:15:12: ✅ Cleaned 'Orphaned Post Meta'
2025-11-30 09:15:13: ✅ Cleaned 'Orphaned Post Meta'
2025-11-30 09:15:13: ✅ Cleaned 'Orphaned Post Meta'
2025-11-30 09:15:13: ✅ Cleaned 'Orphaned Post Meta'
2025-11-30 09:15:14: ✅ Cleaned 'Orphaned Post Meta'
2025-11-30 09:15:14: ✅ Cleaned 'Orphaned Post Meta'
2025-11-30 09:15:15: ✅ Cleaned 'Orphaned Post Meta'
2025-11-30 09:15:15: ✅ Cleaned 'Orphaned Post Meta'
2025-11-30 09:15:16: ✅ Cleaned 'Orphaned Post Meta'
2025-11-30 09:15:16: ✅ Cleaned 'Orphaned Post Meta'
2025-11-30 09:15:17: ✅ Cleaned 'Orphaned Post Meta'
2025-11-30 09:15:17: ✅ Cleaned 'Orphaned Post Meta'
2025-11-30 09:15:17: ✅ Cleaned 'Orphaned Post Meta'
2025-11-30 09:15:18: ✅ Cleaned 'Orphaned Post Meta'
2025-11-30 09:15:18: ✅ Cleaned 'Orphaned Post Meta'
2025-11-30 09:15:19: ✅ Cleaned 'Orphaned Post Meta'
2025-11-30 09:15:19: ✅ Cleaned 'Orphaned Post Meta'
2025-11-30 09:15:20: ✅ Cleaned 'Orphaned Post Meta'
2025-11-30 09:15:20: ✅ Cleaned 'Orphaned Post Meta'
2025-11-30 09:15:21: ✅ Cleaned 'Orphaned Post Meta'
2025-11-30 09:15:21: ✅ Cleaned 'Orphaned Post Meta'
2025-11-30 09:15:21: ✅ Cleaned 'Orphaned Post Meta'
2025-11-30 09:15:22: ✅ Cleaned 'Orphaned Post Meta'
2025-11-30 21:06:02: ✅ DB size: 42.63MB (yesterday: 42.97 MB).
2025-12-01 09:26:48: ✅ DB size: 42.63MB (yesterday: 42.63 MB).
2025-12-01 20:46:39: ✅ DB size: 42.38MB (yesterday: 42.63 MB).
2025-12-02 08:21:44: ✅ DB size: 42.41MB (yesterday: 42.38 MB).
2025-12-02 11:47:23: ✅ Cleaned 'Auto Drafts'
2025-12-02 11:47:24: ✅ Cleaned 'Orphaned Post Meta'
2025-12-02 11:47:25: ✅ Cleaned 'Unapproved'
2025-12-02 11:47:25: ✅ Cleaned 'Expired Transients'
2025-12-02 21:08:58: ✅ DB size: 42.77MB (yesterday: 42.38 MB).
2025-12-03 08:21:09: ✅ DB size: 42.81MB (yesterday: 42.77 MB).
2025-12-03 20:43:39: ✅ DB size: 43.96MB (yesterday: 42.77 MB).
2025-12-04 09:24:01: ✅ DB size: 44.07MB (yesterday: 43.96 MB).
2025-12-05 00:17:24: ✅ DB size: 45.21MB (yesterday: 44.07 MB).
2025-12-05 09:12:48: ✅ DB size: 45.31MB (yesterday: 44.07 MB).
2025-12-06 00:29:22: ✅ DB size: 45.28MB (yesterday: 45.31 MB).
2025-12-06 09:29:47: ✅ DB size: 45.23MB (yesterday: 45.31 MB).
2025-12-06 21:23:31: ✅ DB size: 46.08MB (yesterday: 45.31 MB).
2025-12-07 08:27:36: ✅ DB size: 46.29MB (yesterday: 46.08 MB).
2025-12-07 21:21:05: ✅ DB size: 47.22MB (yesterday: 46.08 MB).
2025-12-08 08:57:43: ✅ DB size: 47.27MB (yesterday: 47.22 MB).
2025-12-08 23:40:48: ✅ DB size: 47.26MB (yesterday: 47.27 MB).
2025-12-09 08:21:06: ✅ DB size: 47.24MB (yesterday: 47.27 MB).
2025-12-09 20:28:33: ✅ DB size: 46.03MB (yesterday: 47.27 MB).
2025-12-10 08:22:20: ✅ DB size: 46MB (yesterday: 46.03 MB).
2025-12-10 21:14:59: ✅ DB size: 46.21MB (yesterday: 46.03 MB).
2025-12-11 09:15:56: ✅ DB size: 46.26MB (yesterday: 46.21 MB).
2025-12-11 20:53:57: ✅ DB size: 47.35MB (yesterday: 46.21 MB).
2025-12-12 11:16:49: ✅ DB size: 47.33MB (yesterday: 47.35 MB).
2025-12-12 21:24:28: ✅ DB size: 47.17MB (yesterday: 47.35 MB).
2025-12-13 12:24:18: ✅ DB size: 47.22MB (yesterday: 47.17 MB).
2025-12-13 20:24:19: ✅ DB size: 47.09MB (yesterday: 47.17 MB).
2025-12-14 08:29:22: ✅ DB size: 47.12MB (yesterday: 47.09 MB).
2025-12-15 00:36:08: ✅ DB size: 50.8MB (yesterday: 47.12 MB).
2025-12-15 09:16:34: ✅ DB size: 50.9MB (yesterday: 47.12 MB).
2025-12-16 04:52:27: ✅ DB size: 50.74MB (yesterday: 50.9 MB).
2025-12-16 08:21:07: ✅ DB size: 50.97MB (yesterday: 50.9 MB).
2025-12-16 20:31:37: ✅ DB size: 51.02MB (yesterday: 50.9 MB).
2025-12-17 08:21:09: ✅ DB size: 52.05MB (yesterday: 51.02 MB).
2025-12-17 20:59:31: ✅ DB size: 119.41MB (yesterday: 51.02 MB).
2025-12-18 09:21:23: ✅ DB size: 119.4MB (yesterday: 119.41 MB).
2025-12-18 20:21:17: ✅ DB size: 120.46MB (yesterday: 119.41 MB).
2025-12-19 11:03:49: ✅ DB size: 120.55MB (yesterday: 120.46 MB).
2025-12-19 21:15:29: ✅ DB size: 120.44MB (yesterday: 120.46 MB).
2025-12-20 11:48:59: ✅ DB size: 120.52MB (yesterday: 120.44 MB).
2025-12-20 20:35:57: ✅ DB size: 120.42MB (yesterday: 120.44 MB).
2025-12-21 09:21:49: ✅ DB size: 120.52MB (yesterday: 120.42 MB).
2026-01-09 09:32:46: ✅ DB size: 120.11MB (yesterday: 120.52 MB).
2026-01-10 01:17:12: ✅ DB size: 119.41MB (yesterday: 120.11 MB).
2026-01-10 09:34:50: ✅ DB size: 119.45MB (yesterday: 120.11 MB).
2026-01-10 23:15:04: ✅ DB size: 119.37MB (yesterday: 119.45 MB).
2026-01-11 10:49:16: ✅ DB size: 119.35MB (yesterday: 119.45 MB).
2026-01-11 20:50:36: ✅ DB size: 123.62MB (yesterday: 119.45 MB).
2026-01-12 08:50:16: ✅ DB size: 123.69MB (yesterday: 123.62 MB).
2026-01-12 21:07:34: ✅ DB size: 123.59MB (yesterday: 123.62 MB).
2026-01-13 09:48:27: ✅ DB size: 123.68MB (yesterday: 123.59 MB).
2026-01-14 09:01:28: ✅ DB size: 123.69MB (yesterday: 123.68 MB).
2026-01-14 20:29:01: ✅ DB size: 123.56MB (yesterday: 123.68 MB).
2026-01-15 08:23:42: ✅ DB size: 123.62MB (yesterday: 123.56 MB).
2026-01-16 07:11:00: ✅ DB size: 123.4MB (yesterday: 123.62 MB).
2026-01-16 10:34:38: ✅ DB size: 123.44MB (yesterday: 123.62 MB).
2026-01-16 23:17:31: ✅ DB size: 123.32MB (yesterday: 123.44 MB).
2026-01-17 08:51:14: ✅ DB size: 123.43MB (yesterday: 123.44 MB).
2026-01-18 05:17:56: ✅ DB size: 123.26MB (yesterday: 123.43 MB).
2026-01-18 09:29:52: ✅ DB size: 123.36MB (yesterday: 123.43 MB).
2026-01-19 15:53:22: ✅ DB size: 123.17MB (yesterday: 123.36 MB).
2026-01-19 21:34:28: ✅ DB size: 123.15MB (yesterday: 123.36 MB).
2026-01-20 13:10:38: ✅ DB size: 123.27MB (yesterday: 123.15 MB).
2026-01-20 20:41:04: ✅ DB size: 123.16MB (yesterday: 123.15 MB).
2026-01-21 10:01:12: ✅ DB size: 123.23MB (yesterday: 123.16 MB).
2026-01-22 09:17:42: ✅ DB size: 123.14MB (yesterday: 123.23 MB).
2026-01-22 21:19:14: ✅ DB size: 123.19MB (yesterday: 123.23 MB).
2026-01-23 10:46:58: ✅ DB size: 123.29MB (yesterday: 123.19 MB).
2026-01-23 21:25:13: ✅ DB size: 123.39MB (yesterday: 123.19 MB).
2026-01-24 10:05:44: ✅ DB size: 123.39MB (yesterday: 123.39 MB).
2026-01-25 01:04:12: ✅ DB size: 122.75MB (yesterday: 123.39 MB).
2026-01-26 00:25:28: ✅ DB size: 122.85MB (yesterday: 122.75 MB).
2026-01-26 12:21:52: ✅ DB size: 122.85MB (yesterday: 122.75 MB).
2026-01-27 01:14:03: ✅ DB size: 122.85MB (yesterday: 122.85 MB).
2026-01-27 10:59:20: ✅ DB size: 113.83MB (yesterday: 122.85 MB).
2026-01-28 03:08:15: ✅ DB size: 113.81MB (yesterday: 113.83 MB).
2026-01-28 08:21:09: ✅ DB size: 113.91MB (yesterday: 113.83 MB).
2026-01-28 22:06:42: ✅ DB size: 136.2MB (yesterday: 113.83 MB).
2026-01-29 08:21:27: ✅ DB size: 138.37MB (yesterday: 136.2 MB).
2026-01-29 20:44:26: ✅ DB size: 141.68MB (yesterday: 136.2 MB).
2026-01-30 11:32:16: ✅ DB size: 141.72MB (yesterday: 141.68 MB).
2026-01-30 19:00:23: ✅ Cleaned 'Revisions'
2026-01-30 19:00:27: ✅ Cleaned 'Revisions'
2026-01-30 19:00:28: ✅ Cleaned 'Orphaned Post Meta'
2026-01-30 20:21:13: ✅ DB size: 158.73MB (yesterday: 141.68 MB).
2026-01-31 07:52:02: ✅ Cleaned 'Expired Transients'
2026-01-31 08:21:09: ✅ DB size: 159.73MB (yesterday: 158.73 MB).
2026-01-31 09:25:05: ✅ Cleaned 'Expired Transients'
2026-01-31 23:01:37: ✅ DB size: 159.79MB (yesterday: 159.73 MB).
2026-02-01 12:21:23: ✅ DB size: 159.29MB (yesterday: 159.73 MB).
2026-02-01 20:27:25: ✅ DB size: 159.17MB (yesterday: 159.73 MB).
2026-02-02 11:16:00: ✅ DB size: 159.24MB (yesterday: 159.17 MB).
2026-02-02 21:18:23: ✅ DB size: 159.16MB (yesterday: 159.17 MB).
2026-02-02 21:18:23: ✅ DB size: 159.16MB (yesterday: 159.17 MB).
2026-02-03 09:05:26: ✅ DB size: 159.41MB (yesterday: 159.16 MB).
2026-02-03 20:38:22: ✅ DB size: 141.34MB (yesterday: 159.16 MB).
2026-02-04 08:21:06: ✅ DB size: 141.52MB (yesterday: 141.34 MB).
2026-02-04 20:33:07: ✅ DB size: 142.7MB (yesterday: 141.34 MB).
2026-02-05 09:19:53: ✅ DB size: 142.72MB (yesterday: 142.7 MB).
2026-02-05 21:01:38: ✅ DB size: 137.98MB (yesterday: 142.7 MB).
2026-02-06 08:30:47: ✅ DB size: 138MB (yesterday: 137.98 MB).
2026-02-06 21:56:58: ✅ DB size: 137.92MB (yesterday: 137.98 MB).
2026-02-07 11:15:49: ✅ DB size: 138.04MB (yesterday: 137.92 MB).
2026-02-07 21:08:49: ✅ DB size: 137.94MB (yesterday: 137.92 MB).
2026-02-08 08:48:58: ✅ DB size: 138.04MB (yesterday: 137.94 MB).
2026-02-08 23:19:41: ✅ DB size: 133.03MB (yesterday: 138.04 MB).
2026-02-09 13:42:42: ✅ DB size: 132.97MB (yesterday: 138.04 MB).
2026-02-09 20:28:23: ✅ DB size: 132.88MB (yesterday: 138.04 MB).
2026-02-10 10:23:12: ✅ DB size: 132.99MB (yesterday: 132.88 MB).
2026-02-11 02:10:19: ✅ DB size: 132.89MB (yesterday: 132.99 MB).
2026-02-11 12:15:35: ✅ DB size: 132.99MB (yesterday: 132.99 MB).
2026-02-12 00:15:50: ✅ DB size: 132.86MB (yesterday: 132.99 MB).
2026-02-12 12:17:18: ✅ DB size: 132.94MB (yesterday: 132.99 MB).
2026-02-12 22:11:16: ✅ DB size: 132.86MB (yesterday: 132.99 MB).
2026-02-13 10:56:22: ✅ DB size: 132.96MB (yesterday: 132.86 MB).
2026-02-13 22:04:43: ✅ DB size: 132.88MB (yesterday: 132.86 MB).
2026-02-14 12:54:50: ✅ DB size: 132.98MB (yesterday: 132.88 MB).
2026-02-14 22:43:46: ✅ DB size: 132.98MB (yesterday: 132.88 MB).
2026-02-15 10:58:26: ✅ DB size: 133.5MB (yesterday: 132.98 MB).
2026-02-15 20:33:22: ✅ DB size: 130.4MB (yesterday: 132.98 MB).
2026-02-16 11:06:49: ✅ DB size: 130.51MB (yesterday: 130.4 MB).
2026-02-16 22:24:43: ✅ DB size: 130.41MB (yesterday: 130.4 MB).
2026-02-17 08:51:05: ✅ DB size: 128.98MB (yesterday: 130.41 MB).
2026-02-17 21:02:28: ✅ DB size: 128.88MB (yesterday: 130.41 MB).
2026-02-18 08:23:23: ✅ DB size: 128.98MB (yesterday: 128.88 MB).
2026-02-18 22:38:29: ✅ DB size: 128.97MB (yesterday: 128.88 MB).
2026-02-19 09:11:24: ✅ DB size: 128.97MB (yesterday: 128.97 MB).
2026-02-19 21:34:18: ✅ DB size: 128.87MB (yesterday: 128.97 MB).
2026-02-20 10:21:50: ✅ DB size: 128.97MB (yesterday: 128.87 MB).
2026-02-20 20:44:23: ✅ DB size: 128.87MB (yesterday: 128.87 MB).
2026-02-21 10:41:02: ✅ DB size: 128.99MB (yesterday: 128.87 MB).
2026-02-22 00:18:32: ✅ DB size: 128.99MB (yesterday: 128.99 MB).
2026-02-22 09:13:27: ✅ DB size: 128.97MB (yesterday: 128.99 MB).
2026-02-22 22:44:27: ✅ DB size: 128.78MB (yesterday: 128.99 MB).
2026-02-23 13:21:28: ✅ DB size: 128.88MB (yesterday: 128.78 MB).
2026-02-24 05:01:17: ✅ DB size: 128.8MB (yesterday: 128.88 MB).
2026-02-24 08:21:08: ✅ DB size: 127.86MB (yesterday: 128.88 MB).
2026-02-24 20:48:32: ✅ DB size: 128.86MB (yesterday: 128.88 MB).
2026-02-25 08:21:06: ✅ DB size: 128.86MB (yesterday: 128.86 MB).
2026-02-26 02:05:24: ✅ DB size: 129.85MB (yesterday: 128.86 MB).
2026-02-26 14:28:03: ✅ DB size: 129.96MB (yesterday: 128.86 MB).
2026-02-26 20:37:55: ✅ DB size: 129.86MB (yesterday: 128.86 MB).
2026-02-27 08:29:15: ✅ DB size: 129.96MB (yesterday: 129.86 MB).
2026-02-27 21:25:13: ✅ DB size: 129.87MB (yesterday: 129.86 MB).
2026-02-28 08:24:29: ✅ DB size: 129.97MB (yesterday: 129.87 MB).
2026-02-28 20:26:10: ✅ DB size: 129.88MB (yesterday: 129.87 MB).
2026-03-02 13:08:33: ✅ DB size: 129.98MB (yesterday: 129.88 MB).
2026-03-03 05:50:26: ✅ DB size: 129.87MB (yesterday: 129.98 MB).
2026-03-03 08:22:38: ✅ DB size: 129.92MB (yesterday: 129.98 MB).
2026-03-03 20:42:28: ✅ DB size: 129.91MB (yesterday: 129.98 MB).
2026-03-04 08:26:27: ✅ DB size: 129.88MB (yesterday: 129.91 MB).
2026-03-05 11:22:18: ✅ DB size: 130.74MB (yesterday: 129.88 MB).
2026-03-06 00:48:44: ✅ DB size: 130.84MB (yesterday: 130.74 MB).
2026-03-07 08:19:26: ✅ DB size: 130.84MB (yesterday: 130.84 MB).
2026-03-07 08:36:57: ✅ DB size: 130.82MB (yesterday: 130.84 MB).
2026-03-07 21:13:56: ✅ DB size: 130.67MB (yesterday: 130.84 MB).
2026-03-08 11:58:31: ✅ DB size: 130.74MB (yesterday: 130.67 MB).
2026-03-08 22:15:21: ✅ DB size: 130.64MB (yesterday: 130.67 MB).
2026-03-09 08:53:53: ✅ DB size: 130.7MB (yesterday: 130.64 MB).
2026-03-09 21:02:27: ✅ DB size: 130.58MB (yesterday: 130.64 MB).
2026-03-10 11:39:19: ✅ DB size: 130.68MB (yesterday: 130.58 MB).
2026-03-10 21:18:06: ✅ DB size: 130.59MB (yesterday: 130.58 MB).
2026-03-11 12:00:55: ✅ DB size: 130.76MB (yesterday: 130.59 MB).
2026-03-11 22:30:55: ✅ DB size: 130.65MB (yesterday: 130.59 MB).
2026-03-12 08:51:12: ✅ DB size: 130.75MB (yesterday: 130.65 MB).
2026-03-12 21:02:36: ✅ DB size: 130.62MB (yesterday: 130.65 MB).
2026-03-13 15:42:09: ✅ DB size: 130.72MB (yesterday: 130.62 MB).
2026-03-13 23:47:44: ✅ DB size: 130.62MB (yesterday: 130.72 MB).
2026-03-14 21:49:40: ✅ DB size: 130.72MB (yesterday: 130.72 MB).
2026-03-15 13:13:02: ✅ DB size: 130.72MB (yesterday: 130.72 MB).
2026-03-16 09:42:58: ✅ DB size: 130.71MB (yesterday: 130.72 MB).
2026-03-16 20:35:39: ✅ DB size: 130.59MB (yesterday: 130.72 MB).
2026-03-17 08:21:11: ✅ DB size: 130.66MB (yesterday: 130.59 MB).
2026-03-17 20:56:45: ✅ DB size: 130.62MB (yesterday: 130.59 MB).
2026-03-18 09:43:08: ✅ DB size: 130.72MB (yesterday: 130.62 MB).
2026-03-19 01:43:57: ✅ DB size: 130.65MB (yesterday: 130.72 MB).
2026-03-19 08:39:59: ✅ DB size: 130.71MB (yesterday: 130.72 MB).
2026-03-20 01:49:54: ✅ DB size: 130.59MB (yesterday: 130.71 MB).
2026-03-20 08:56:01: ✅ DB size: 130.69MB (yesterday: 130.71 MB).
2026-03-20 22:39:08: ✅ DB size: 130.59MB (yesterday: 130.71 MB).
2026-03-21 18:09:39: ✅ DB size: 130.69MB (yesterday: 130.59 MB).
2026-03-21 20:35:46: ✅ DB size: 130.59MB (yesterday: 130.59 MB).
2026-03-22 14:15:05: ✅ DB size: 130.74MB (yesterday: 130.59 MB).
2026-03-22 20:23:00: ✅ DB size: 130.64MB (yesterday: 130.59 MB).
2026-03-23 08:39:06: ✅ DB size: 130.77MB (yesterday: 130.64 MB).
2026-03-23 20:41:53: ✅ DB size: 130.61MB (yesterday: 130.64 MB).
2026-03-24 08:22:05: ✅ DB size: 130.78MB (yesterday: 130.61 MB).
2026-03-24 20:21:10: ✅ DB size: 131.65MB (yesterday: 130.61 MB).
